<?xml version="1.0" encoding="UTF-8"?>
<!-- Generated by org.testng.reporters.JUnitXMLReporter -->
<testsuite ignored="0" hostname="LAPTOP-9VKVOOSG" failures="0" tests="7" name="Test" time="94.228" errors="0" timestamp="07 Aug 2022 00:28:30 GMT">
  <testcase classname="testng_packages.Testcase_Datadriven" name="login" time="12.749"/>
  <testcase classname="testng_packages.Testcase_Datadriven" name="login" time="6.401"/>
  <testcase classname="testng_packages.Testcase_Datadriven" name="login" time="5.489"/>
  <testcase classname="testng_packages.Testcase_Datadriven" name="login" time="28.802"/>
  <testcase classname="testng_packages.Testcases_login_dashboard" name="pendingleave" time="0.138"/>
  <testcase classname="testng_packages.Testcases_AdminUsers" name="userdetails" time="16.54"/>
  <testcase classname="testng_packages.Testcase_myinfo" name="imageupload" time="22.423"/>
</testsuite> <!-- Test -->
