<?xml version="1.0" encoding="UTF-8"?>
<!-- Generated by org.testng.reporters.JUnitXMLReporter -->
<testsuite ignored="0" hostname="LAPTOP-9VKVOOSG" failures="0" tests="4" name="Test1" time="27.35" errors="0" timestamp="07 Aug 2022 13:34:28 GMT">
  <testcase classname="testng_packages.Testcase_Datadriven" name="login" time="10.169"/>
  <testcase classname="testng_packages.Testcase_Datadriven" name="login" time="2.608"/>
  <testcase classname="testng_packages.Testcase_Datadriven" name="login" time="2.915"/>
  <testcase classname="testng_packages.Testcase_Datadriven" name="login" time="9.816"/>
</testsuite> <!-- Test1 -->
