<?xml version="1.0" encoding="UTF-8"?>
<!-- Generated by org.testng.reporters.JUnitXMLReporter -->
<testsuite ignored="0" hostname="LAPTOP-9VKVOOSG" failures="1" tests="1" name="test3" time="0.343" errors="0" timestamp="07 Aug 2022 13:34:29 GMT">
  <testcase classname="testng_packages.Testcases_AdminUsers" name="userdetails" time="0.002">
    <failure type="java.lang.NullPointerException">
      <![CDATA[java.lang.NullPointerException
	at testng_packages.Testcases_AdminUsers.userdetails(Testcases_AdminUsers.java:71)
... Removed 25 stack frames]]>
    </failure>
  </testcase> <!-- userdetails -->
</testsuite> <!-- test3 -->
