<?xml version="1.0" encoding="UTF-8"?>
<!-- Generated by org.testng.reporters.JUnitXMLReporter -->
<testsuite ignored="0" hostname="LAPTOP-9VKVOOSG" failures="1" tests="1" name="test2" time="0.309" errors="0" timestamp="07 Aug 2022 13:34:28 GMT">
  <testcase classname="testng_packages.Testcases_login_dashboard" name="pendingleave" time="0.004">
    <failure type="java.lang.NullPointerException">
      <![CDATA[java.lang.NullPointerException
	at testng_packages.Testcases_login_dashboard.pendingleave(Testcases_login_dashboard.java:23)
... Removed 25 stack frames]]>
    </failure>
  </testcase> <!-- pendingleave -->
</testsuite> <!-- test2 -->
