<?xml version="1.0" encoding="UTF-8"?>
<!-- Generated by org.testng.reporters.JUnitXMLReporter -->
<testsuite ignored="0" hostname="LAPTOP-9VKVOOSG" failures="1" tests="1" name="test4" time="0.246" errors="0" timestamp="07 Aug 2022 13:34:29 GMT">
  <testcase classname="testng_packages.Testcase_myinfo" name="imageupload" time="0.001">
    <failure type="java.lang.NullPointerException">
      <![CDATA[java.lang.NullPointerException
	at testng_packages.Testcase_myinfo.imageupload(Testcase_myinfo.java:19)
... Removed 25 stack frames]]>
    </failure>
  </testcase> <!-- imageupload -->
</testsuite> <!-- test4 -->
